Added Component: Designator=C4(0805C)
Add component (AddParameter): Name = "Reviewed by"; Value = "RM - 2018/08/05"; VariantName = "[No Variations]"
Add component (AddParameter): Name = "Revision"; Value = "July-2002: Re-released for DXP Platform."; VariantName = "[No Variations]"
Add component (AddParameter): Name = "Supplier 1"; Value = ""; VariantName = "[No Variations]"
Add component (AddParameter): Name = "Supplier Part Number 1"; Value = ""; VariantName = "[No Variations]"
Add component (AddParameter): Name = "Value"; Value = "100nF"; VariantName = "[No Variations]"
Added Component: Designator=C5(0805C)
Add component (AddParameter): Name = "Reviewed by"; Value = "RM - 2018/08/05"; VariantName = "[No Variations]"
Add component (AddParameter): Name = "Revision"; Value = "July-2002: Re-released for DXP Platform."; VariantName = "[No Variations]"
Add component (AddParameter): Name = "Supplier 1"; Value = ""; VariantName = "[No Variations]"
Add component (AddParameter): Name = "Supplier Part Number 1"; Value = ""; VariantName = "[No Variations]"
Add component (AddParameter): Name = "Value"; Value = "100nF"; VariantName = "[No Variations]"
Added Component: Designator=J3(ESP32C3_SuperMini)
Added Component: Designator=J4(FP-B3B-XH-A_LF_SN-MFG)
Add component (AddParameter): Name = "Color"; Value = "Natural"; VariantName = "[No Variations]"
Add component (AddParameter): Name = "Connector Type"; Value = "Header"; VariantName = "[No Variations]"
Add component (AddParameter): Name = "Contact Finish - Mating"; Value = "TIN"; VariantName = "[No Variations]"
Add component (AddParameter): Name = "Contact Material"; Value = "Brass"; VariantName = "[No Variations]"
Add component (AddParameter): Name = "Contact Plating"; Value = "Tin"; VariantName = "[No Variations]"
Add component (AddParameter): Name = "Contact Resistance"; Value = "20mR"; VariantName = "[No Variations]"
Add component (AddParameter): Name = "Contact Shape"; Value = "Square"; VariantName = "[No Variations]"
Add component (AddParameter): Name = "Contact Type"; Value = "Male Pin"; VariantName = "[No Variations]"
Add component (AddParameter): Name = "Current Rating"; Value = "3A"; VariantName = "[No Variations]"
Add component (AddParameter): Name = "Depth"; Value = "5.75mm"; VariantName = "[No Variations]"
Add component (AddParameter): Name = "Fastening Type"; Value = "Detent"; VariantName = "[No Variations]"
Add component (AddParameter): Name = "Flammability Rating"; Value = "UL94 V-0"; VariantName = "[No Variations]"
Add component (AddParameter): Name = "Gender"; Value = "Male"; VariantName = "[No Variations]"
Add component (AddParameter): Name = "Housing Color"; Value = "White"; VariantName = "[No Variations]"
Add component (AddParameter): Name = "Housing Material"; Value = "Polyamide"; VariantName = "[No Variations]"
Add component (AddParameter): Name = "Insulation Color"; Value = "Natural"; VariantName = "[No Variations]"
Add component (AddParameter): Name = "Insulation Material"; Value = "Nylon"; VariantName = "[No Variations]"
Add component (AddParameter): Name = "Insulation Resistance"; Value = "1GR"; VariantName = "[No Variations]"
Add component (AddParameter): Name = "Lead Free"; Value = "Lead Free"; VariantName = "[No Variations]"
Add component (AddParameter): Name = "Lead Pitch"; Value = "2.5mm"; VariantName = "[No Variations]"
Add component (AddParameter): Name = "Length"; Value = "9.9mm"; VariantName = "[No Variations]"
Add component (AddParameter): Name = "Max Current Rating"; Value = "3A"; VariantName = "[No Variations]"
Add component (AddParameter): Name = "Max Operating Temperature"; Value = "85°C"; VariantName = "[No Variations]"
Add component (AddParameter): Name = "Max Voltage Rating (AC)"; Value = "250V"; VariantName = "[No Variations]"
Add component (AddParameter): Name = "Max Voltage Rating (DC)"; Value = "250V"; VariantName = "[No Variations]"
Add component (AddParameter): Name = "Min Operating Temperature"; Value = "-25°C"; VariantName = "[No Variations]"
Add component (AddParameter): Name = "Mount"; Value = "Through Hole"; VariantName = "[No Variations]"
Add component (AddParameter): Name = "Number of Contacts"; Value = "3"; VariantName = "[No Variations]"
Add component (AddParameter): Name = "Number of Positions"; Value = "3"; VariantName = "[No Variations]"
Add component (AddParameter): Name = "Number of Rows"; Value = "1"; VariantName = "[No Variations]"
Add component (AddParameter): Name = "Orientation"; Value = "Straight"; VariantName = "[No Variations]"
Add component (AddParameter): Name = "Packaging"; Value = "Bulk"; VariantName = "[No Variations]"
Add component (AddParameter): Name = "Pitch"; Value = "2.5mm"; VariantName = "[No Variations]"
Add component (AddParameter): Name = "REACH SVHC"; Value = "No SVHC"; VariantName = "[No Variations]"
Add component (AddParameter): Name = "Series"; Value = "XH"; VariantName = "[No Variations]"
Add component (AddParameter): Name = "Termination"; Value = "Solder"; VariantName = "[No Variations]"
Add component (AddParameter): Name = "Voltage Rating"; Value = "250V"; VariantName = "[No Variations]"
Add component (AddParameter): Name = "Voltage Rating (AC)"; Value = "250V"; VariantName = "[No Variations]"
Add component (AddParameter): Name = "Wire/Cable Gauge"; Value = "22AWG"; VariantName = "[No Variations]"
Added Component: Designator=J5(FP-B2B-XH-A_LF_SN-MFG)
Add component (AddParameter): Name = "Color"; Value = "Natural"; VariantName = "[No Variations]"
Add component (AddParameter): Name = "Connector Type"; Value = "Male Pin"; VariantName = "[No Variations]"
Add component (AddParameter): Name = "Contact Material"; Value = "Brass"; VariantName = "[No Variations]"
Add component (AddParameter): Name = "Contact Plating"; Value = "Tin"; VariantName = "[No Variations]"
Add component (AddParameter): Name = "Contact Resistance"; Value = "20mR"; VariantName = "[No Variations]"
Add component (AddParameter): Name = "Contact Type"; Value = "Male Pin"; VariantName = "[No Variations]"
Add component (AddParameter): Name = "Current Rating"; Value = "3A"; VariantName = "[No Variations]"
Add component (AddParameter): Name = "Depth"; Value = "5.75mm"; VariantName = "[No Variations]"
Add component (AddParameter): Name = "Fastening Type"; Value = "Detent"; VariantName = "[No Variations]"
Add component (AddParameter): Name = "Housing Color"; Value = "White"; VariantName = "[No Variations]"
Add component (AddParameter): Name = "Housing Material"; Value = "Polyamide"; VariantName = "[No Variations]"
Add component (AddParameter): Name = "Insulation Resistance"; Value = "1GR"; VariantName = "[No Variations]"
Add component (AddParameter): Name = "Lead Free"; Value = "Lead Free"; VariantName = "[No Variations]"
Add component (AddParameter): Name = "Lead Pitch"; Value = "2.5mm"; VariantName = "[No Variations]"
Add component (AddParameter): Name = "Length"; Value = "7.4mm"; VariantName = "[No Variations]"
Add component (AddParameter): Name = "Max Current Rating"; Value = "3A"; VariantName = "[No Variations]"
Add component (AddParameter): Name = "Max Operating Temperature"; Value = "85°C"; VariantName = "[No Variations]"
Add component (AddParameter): Name = "Max Voltage Rating (AC)"; Value = "250V"; VariantName = "[No Variations]"
Add component (AddParameter): Name = "Max Voltage Rating (DC)"; Value = "250V"; VariantName = "[No Variations]"
Add component (AddParameter): Name = "Min Operating Temperature"; Value = "-25°C"; VariantName = "[No Variations]"
Add component (AddParameter): Name = "Mount"; Value = "Through Hole"; VariantName = "[No Variations]"
Add component (AddParameter): Name = "Number of Contacts"; Value = "2"; VariantName = "[No Variations]"
Add component (AddParameter): Name = "Number of Positions"; Value = "2"; VariantName = "[No Variations]"
Add component (AddParameter): Name = "Number of Rows"; Value = "1"; VariantName = "[No Variations]"
Add component (AddParameter): Name = "Orientation"; Value = "Straight"; VariantName = "[No Variations]"
Add component (AddParameter): Name = "Packaging"; Value = "Bulk"; VariantName = "[No Variations]"
Add component (AddParameter): Name = "Pitch"; Value = "2.5mm"; VariantName = "[No Variations]"
Add component (AddParameter): Name = "REACH SVHC"; Value = "No SVHC"; VariantName = "[No Variations]"
Add component (AddParameter): Name = "Series"; Value = "XH"; VariantName = "[No Variations]"
Add component (AddParameter): Name = "Termination"; Value = "Solder"; VariantName = "[No Variations]"
Add component (AddParameter): Name = "Voltage Rating"; Value = "250V"; VariantName = "[No Variations]"
Add component (AddParameter): Name = "Voltage Rating (AC)"; Value = "250V"; VariantName = "[No Variations]"
Add component (AddParameter): Name = "Wire/Cable Gauge"; Value = "22AWG"; VariantName = "[No Variations]"
Added Component: Designator=J6(Buck_Converter)
Added Component: Designator=J7(Lixie)
Added Component: Designator=J8(Lixie)
Added Component: Designator=J9(Lixie)
Added Component: Designator=J10(Lixie)
Added Component: Designator=J11(Lixie)
Added Component: Designator=J12(Lixie)
Added Component: Designator=J13(Lixie)
Added Component: Designator=J14(Lixie)
Added Component: Designator=P9(HDR1X6)
Add component (AddParameter): Name = "LatestRevisionDate"; Value = "17-Jul-2002"; VariantName = "[No Variations]"
Add component (AddParameter): Name = "LatestRevisionNote"; Value = "Re-released for DXP Platform."; VariantName = "[No Variations]"
Add component (AddParameter): Name = "Publisher"; Value = "Altium Limited"; VariantName = "[No Variations]"
Added Component: Designator=P10(HDR1X3)
Add component (AddParameter): Name = "LatestRevisionDate"; Value = "17-Jul-2002"; VariantName = "[No Variations]"
Add component (AddParameter): Name = "LatestRevisionNote"; Value = "Re-released for DXP Platform."; VariantName = "[No Variations]"
Add component (AddParameter): Name = "Publisher"; Value = "Altium Limited"; VariantName = "[No Variations]"
Added Component: Designator=P11(HDR1X2)
Add component (AddParameter): Name = "LatestRevisionDate"; Value = "17-Jul-2002"; VariantName = "[No Variations]"
Add component (AddParameter): Name = "LatestRevisionNote"; Value = "Re-released for DXP Platform."; VariantName = "[No Variations]"
Add component (AddParameter): Name = "Publisher"; Value = "Altium Limited"; VariantName = "[No Variations]"
Added Component: Designator=P12(HDR2X6)
Add component (AddParameter): Name = "LatestRevisionDate"; Value = "17-Jul-2002"; VariantName = "[No Variations]"
Add component (AddParameter): Name = "LatestRevisionNote"; Value = "Re-released for DXP Platform."; VariantName = "[No Variations]"
Add component (AddParameter): Name = "Publisher"; Value = "Altium Limited"; VariantName = "[No Variations]"
Added Component: Designator=P13(HDR1X2)
Add component (AddParameter): Name = "LatestRevisionDate"; Value = "17-Jul-2002"; VariantName = "[No Variations]"
Add component (AddParameter): Name = "LatestRevisionNote"; Value = "Re-released for DXP Platform."; VariantName = "[No Variations]"
Add component (AddParameter): Name = "Publisher"; Value = "Altium Limited"; VariantName = "[No Variations]"
Added Pin To Net: NetName=GND Pin=C4-1
Added Pin To Net: NetName=+5 Pin=C4-2
Added Pin To Net: NetName=B- Pin=C5-1
Added Pin To Net: NetName=B+ Pin=C5-2
Added Pin To Net: NetName=DIN_SK6812_1 Pin=J3-0
Added Pin To Net: NetName=DIN_WS2812_1 Pin=J3-1
Added Pin To Net: NetName=A0 Pin=J3-2
Added Pin To Net: NetName=A1 Pin=J3-3
Added Pin To Net: NetName=3V3 Pin=J3-3V3
Added Pin To Net: NetName=A2 Pin=J3-4
Added Pin To Net: NetName=A3 Pin=J3-5
Added Pin To Net: NetName=+5 Pin=J3-5V
Added Pin To Net: NetName=CLK_SDA Pin=J3-6
Added Pin To Net: NetName=CLK_SCL Pin=J3-7
Added Pin To Net: NetName=SCK Pin=J3-8
Added Pin To Net: NetName=MISO Pin=J3-9
Added Pin To Net: NetName=MOSI Pin=J3-10
Added Pin To Net: NetName=RX Pin=J3-20
Added Pin To Net: NetName=TX Pin=J3-21
Added Pin To Net: NetName=GND Pin=J3-GND
Added Pin To Net: NetName=BC+ Pin=J4-1
Added Pin To Net: NetName=Balance Pin=J4-2
Added Pin To Net: NetName=BC- Pin=J4-3
Added Pin To Net: NetName=B+ Pin=J5-1
Added Pin To Net: NetName=B- Pin=J5-2
Added Pin To Net: NetName=+5 Pin=J6-1
Added Pin To Net: NetName=GND Pin=J6-2
Added Pin To Net: NetName=B+ Pin=J6-3
Added Pin To Net: NetName=B- Pin=J6-4
Added Pin To Net: NetName=B+ Pin=J7-1
Added Pin To Net: NetName=DIN_SK6812_1 Pin=J7-2
Added Pin To Net: NetName=DIN_WS2812_1 Pin=J7-3
Added Pin To Net: NetName=B- Pin=J7-4
Added Pin To Net: NetName=DOUT_SK6812_1 Pin=J7-5
Added Pin To Net: NetName=DOUT_WS2812_1 Pin=J7-6
Added Pin To Net: NetName=B+ Pin=J8-1
Added Pin To Net: NetName=DOUT_SK6812_1 Pin=J8-2
Added Pin To Net: NetName=DOUT_WS2812_1 Pin=J8-3
Added Pin To Net: NetName=B- Pin=J8-4
Added Pin To Net: NetName=DOUT_SK6812_2 Pin=J8-5
Added Pin To Net: NetName=DOUT_WS2812_2 Pin=J8-6
Added Pin To Net: NetName=B+ Pin=J9-1
Added Pin To Net: NetName=DOUT_SK6812_2 Pin=J9-2
Added Pin To Net: NetName=DOUT_WS2812_2 Pin=J9-3
Added Pin To Net: NetName=B- Pin=J9-4
Added Pin To Net: NetName=DOUT_SK6812_3 Pin=J9-5
Added Pin To Net: NetName=DOUT_WS2812_3 Pin=J9-6
Added Pin To Net: NetName=B+ Pin=J10-1
Added Pin To Net: NetName=DOUT_SK6812_3 Pin=J10-2
Added Pin To Net: NetName=DOUT_WS2812_3 Pin=J10-3
Added Pin To Net: NetName=B- Pin=J10-4
Added Pin To Net: NetName=DOUT_SK6812_4 Pin=J10-5
Added Pin To Net: NetName=DOUT_WS2812_4 Pin=J10-6
Added Pin To Net: NetName=B+ Pin=J11-1
Added Pin To Net: NetName=DOUT_SK6812_4 Pin=J11-2
Added Pin To Net: NetName=DOUT_WS2812_4 Pin=J11-3
Added Pin To Net: NetName=B- Pin=J11-4
Added Pin To Net: NetName=DOUT_SK6812_5 Pin=J11-5
Added Pin To Net: NetName=DOUT_WS2812_5 Pin=J11-6
Added Pin To Net: NetName=B+ Pin=J12-1
Added Pin To Net: NetName=DOUT_SK6812_5 Pin=J12-2
Added Pin To Net: NetName=DOUT_WS2812_5 Pin=J12-3
Added Pin To Net: NetName=B- Pin=J12-4
Added Pin To Net: NetName=DOUT_SK6812_6 Pin=J12-5
Added Pin To Net: NetName=DOUT_WS2812_6 Pin=J12-6
Added Pin To Net: NetName=B+ Pin=J13-1
Added Pin To Net: NetName=DOUT_SK6812_6 Pin=J13-2
Added Pin To Net: NetName=DOUT_WS2812_6 Pin=J13-3
Added Pin To Net: NetName=B- Pin=J13-4
Added Pin To Net: NetName=DOUT_SK6812_7 Pin=J13-5
Added Pin To Net: NetName=DOUT_WS2812_7 Pin=J13-6
Added Pin To Net: NetName=B+ Pin=J14-1
Added Pin To Net: NetName=DOUT_SK6812_7 Pin=J14-2
Added Pin To Net: NetName=DOUT_WS2812_7 Pin=J14-3
Added Pin To Net: NetName=B- Pin=J14-4
Added Pin To Net: NetName=DOUT_SK6812_8 Pin=J14-5
Added Pin To Net: NetName=DOUT_WS2812_8 Pin=J14-6
Added Pin To Net: NetName=32K Pin=P9-1
Added Pin To Net: NetName=CLK_SQW Pin=P9-2
Added Pin To Net: NetName=CLK_SCL Pin=P9-3
Added Pin To Net: NetName=CLK_SDA Pin=P9-4
Added Pin To Net: NetName=+5 Pin=P9-5
Added Pin To Net: NetName=GND Pin=P9-6
Added Pin To Net: NetName=BC+ Pin=P10-1
Added Pin To Net: NetName=Balance Pin=P10-2
Added Pin To Net: NetName=BC- Pin=P10-3
Added Pin To Net: NetName=32K Pin=P11-1
Added Pin To Net: NetName=CLK_SQW Pin=P11-2
Added Pin To Net: NetName=+5 Pin=P12-1
Added Pin To Net: NetName=3V3 Pin=P12-2
Added Pin To Net: NetName=SCK Pin=P12-3
Added Pin To Net: NetName=A0 Pin=P12-4
Added Pin To Net: NetName=MISO Pin=P12-5
Added Pin To Net: NetName=A1 Pin=P12-6
Added Pin To Net: NetName=MOSI Pin=P12-7
Added Pin To Net: NetName=A2 Pin=P12-8
Added Pin To Net: NetName=RX Pin=P12-9
Added Pin To Net: NetName=A3 Pin=P12-10
Added Pin To Net: NetName=TX Pin=P12-11
Added Pin To Net: NetName=GND Pin=P12-12
Added Pin To Net: NetName=DOUT_SK6812_8 Pin=P13-1
Added Pin To Net: NetName=DOUT_WS2812_8 Pin=P13-2
Added Member To Class: ClassName=Holder_PCB_V2 Member=Component C4 100nF
Added Member To Class: ClassName=Holder_PCB_V2 Member=Component C5 100nF
Added Member To Class: ClassName=Holder_PCB_V2 Member=Component J3 ESP32C3_SuperMini
Added Member To Class: ClassName=Holder_PCB_V2 Member=Component J4 B3B-XH-A(LF)(SN)
Added Member To Class: ClassName=Holder_PCB_V2 Member=Component J5 B2B-XH-A(LF)(SN)
Added Member To Class: ClassName=Holder_PCB_V2 Member=Component J6 Buck_Converter
Added Member To Class: ClassName=Holder_PCB_V2 Member=Component J7 lixie
Added Member To Class: ClassName=Holder_PCB_V2 Member=Component J8 lixie
Added Member To Class: ClassName=Holder_PCB_V2 Member=Component J9 lixie
Added Member To Class: ClassName=Holder_PCB_V2 Member=Component J10 lixie
Added Member To Class: ClassName=Holder_PCB_V2 Member=Component J11 lixie
Added Member To Class: ClassName=Holder_PCB_V2 Member=Component J12 lixie
Added Member To Class: ClassName=Holder_PCB_V2 Member=Component J13 lixie
Added Member To Class: ClassName=Holder_PCB_V2 Member=Component J14 lixie
Added Member To Class: ClassName=Holder_PCB_V2 Member=Component P9 Header 6
Added Member To Class: ClassName=Holder_PCB_V2 Member=Component P10 Header 3
Added Member To Class: ClassName=Holder_PCB_V2 Member=Component P11 Header 2
Added Member To Class: ClassName=Holder_PCB_V2 Member=Component P12 Header 6X2
Added Member To Class: ClassName=Holder_PCB_V2 Member=Component P13 Header 2
Added Room: Name=Holder_PCB_V2
