Added Component: Designator=P5(HDR1X2)
Add component (AddParameter): Name = "LatestRevisionDate"; Value = "17-Jul-2002"; VariantName = "[No Variations]"
Add component (AddParameter): Name = "LatestRevisionNote"; Value = "Re-released for DXP Platform."; VariantName = "[No Variations]"
Add component (AddParameter): Name = "Publisher"; Value = "Altium Limited"; VariantName = "[No Variations]"
Added Component: Designator=P6(HDR1X2)
Add component (AddParameter): Name = "LatestRevisionDate"; Value = "17-Jul-2002"; VariantName = "[No Variations]"
Add component (AddParameter): Name = "LatestRevisionNote"; Value = "Re-released for DXP Platform."; VariantName = "[No Variations]"
Add component (AddParameter): Name = "Publisher"; Value = "Altium Limited"; VariantName = "[No Variations]"
Added Component: Designator=P7(HDR2X4)
Add component (AddParameter): Name = "LatestRevisionDate"; Value = "17-Jul-2002"; VariantName = "[No Variations]"
Add component (AddParameter): Name = "LatestRevisionNote"; Value = "Re-released for DXP Platform."; VariantName = "[No Variations]"
Add component (AddParameter): Name = "Publisher"; Value = "Altium Limited"; VariantName = "[No Variations]"
Added Pin To Net: NetName=DOUT_SK6812_1 Pin=P5-1
Added Pin To Net: NetName=DOUT_WS2812_1 Pin=P5-2
Added Pin To Net: NetName=DOUT_SK6812_2 Pin=P6-1
Added Pin To Net: NetName=DOUT_WS2812_2 Pin=P6-2
Added Pin To Net: NetName=DOUT_SK6812_1 Pin=P7-1
Added Pin To Net: NetName=DIN_SK6812_2 Pin=P7-2
Added Pin To Net: NetName=DIN_SK6812_2_P Pin=P7-3
Added Pin To Net: NetName=DIN_SK6812_2 Pin=P7-4
Added Pin To Net: NetName=DOUT_WS2812_1 Pin=P7-5
Added Pin To Net: NetName=DIN_WS2812_2 Pin=P7-6
Added Pin To Net: NetName=DIN_WS2812_2_P Pin=P7-7
Added Pin To Net: NetName=DIN_SK6812_2 Pin=P7-8
Added Class: Name=Sheet1
Added Member To Class: ClassName=Sheet2 Member=Component P5 Header 2
Added Member To Class: ClassName=Sheet2 Member=Component P6 Header 2
Added Member To Class: ClassName=Sheet2 Member=Component P7 Header 4X2
