Added Component: Designator=P3(HDR1X4)
Add component (AddParameter): Name = "LatestRevisionDate"; Value = "17-Jul-2002"; VariantName = "[No Variations]"
Add component (AddParameter): Name = "LatestRevisionNote"; Value = "Re-released for DXP Platform."; VariantName = "[No Variations]"
Add component (AddParameter): Name = "Publisher"; Value = "Altium Limited"; VariantName = "[No Variations]"
Added Component: Designator=P4(HDR2X4)
Add component (AddParameter): Name = "LatestRevisionDate"; Value = "17-Jul-2002"; VariantName = "[No Variations]"
Add component (AddParameter): Name = "LatestRevisionNote"; Value = "Re-released for DXP Platform."; VariantName = "[No Variations]"
Add component (AddParameter): Name = "Publisher"; Value = "Altium Limited"; VariantName = "[No Variations]"
Added Pin To Net: NetName=DIN_SK6812_1 Pin=P4-3
Added Net: Name=DIN_SK6812_1
Added Pin To Net: NetName=DIN_SK6812_2 Pin=P3-2
Added Pin To Net: NetName=DIN_SK6812_2 Pin=P4-4
Added Net: Name=DIN_SK6812_2
Added Net: Name=DIN_SK6812
Added Pin To Net: NetName=DIN_WS2812_1 Pin=P4-5
Added Net: Name=DIN_WS2812_1
Added Pin To Net: NetName=DIN_WS2812_2 Pin=P3-3
Added Pin To Net: NetName=DIN_WS2812_2 Pin=P4-6
Added Net: Name=DIN_WS2812_2
Added Net: Name=DIN_WS2812
Added Net: Name=DOUT1
Added Net: Name=DOUT2
Added Net: Name=DOUT3
Added Net: Name=DOUT4
Added Net: Name=DOUT5
Added Net: Name=DOUT6
Added Net: Name=DOUT7
Added Net: Name=DOUT8
Added Net: Name=DOUT9
Added Pin To Net: NetName=GND Pin=P3-4
Added Pin To Net: NetName=GND Pin=P4-7
Added Pin To Net: NetName=GND Pin=P4-8
Added Net: Name=GND
Added Net: Name=NetP1_1
Added Pin To Net: NetName=VCC Pin=P3-1
Added Pin To Net: NetName=VCC Pin=P4-1
Added Pin To Net: NetName=VCC Pin=P4-2
Added Net: Name=VCC
Added Net: Name=VDD
Added Class: Name=Sheet2
Added Room: Name=Sheet2
